<?xml version="1.0" encoding="UTF-8"?>
<!-- Generated by org.testng.reporters.JUnitReportReporter -->
<testsuite hostname="M513A-BN717" failures="0" tests="1" name="API.test.finansys.API_test" time="9.156" errors="0" timestamp="2023-07-04T15:04:45 WIB" skipped="0">
  <testcase classname="API.test.finansys.API_test" name="test_1" time="9.156"/>
</testsuite> <!-- API.test.finansys.API_test -->
