<?xml version="1.0" encoding="UTF-8"?>
<!-- Generated by org.testng.reporters.JUnitReportReporter -->
<testsuite hostname="M513A-BN717" failures="0" tests="1" name="API.test.finansys.APIget" time="3.578" errors="0" timestamp="2023-07-03T11:14:52 WIB" skipped="0">
  <testcase classname="API.test.finansys.APIget" name="test_01" time="3.578"/>
</testsuite> <!-- API.test.finansys.APIget -->
